Start testing: Aug 26 18:24 WIB
----------------------------------------------------------
1/1 Testing: StackUnitTest
1/1 Test: StackUnitTest
Command: "/home/yusuf/Stack_Scratch/build/stack_test"
Directory: /home/yusuf/Stack_Scratch/build
"StackUnitTest" start time: Aug 26 18:24 WIB
Output:
----------------------------------------------------------
<end of output>
Test time =   0.10 sec
----------------------------------------------------------
Test Failed.
"StackUnitTest" end time: Aug 26 18:24 WIB
"StackUnitTest" time elapsed: 00:00:00
----------------------------------------------------------

End testing: Aug 26 18:24 WIB
